[   91688ms] [ERROR] Cross-Origin-Opener-Policy policy would block the window.closed call. @ http://localhost:5173/node_modules/.vite/deps/firebase_auth.js?v=af25d71a:7084
[   91688ms] [ERROR] Cross-Origin-Opener-Policy policy would block the window.closed call. @ http://localhost:5173/node_modules/.vite/deps/firebase_auth.js?v=af25d71a:7084
[  179992ms] [ERROR] Failed to load resource: the server responded with a status of 404 (Not Found) @ http://localhost:5173/src/App.jsx?t=1771494601250:0
[  179992ms] [ERROR] [vite] Failed to reload /src/App.jsx. This could be due to syntax errors or importing non-existent modules. (see errors above) @ http://localhost:5173/@vite/client:881
[  179993ms] [ERROR] Failed to load resource: the server responded with a status of 404 (Not Found) @ http://localhost:5173/src/index.css?t=1771494601250:0
[  179993ms] [ERROR] [vite] Failed to reload /src/index.css. This could be due to syntax errors or importing non-existent modules. (see errors above) @ http://localhost:5173/@vite/client:881
[  179996ms] [ERROR] Failed to load resource: the server responded with a status of 404 (Not Found) @ http://localhost:5173/src/components/auth/AuthScreen.jsx?t=1771494601253:0
[  179996ms] [ERROR] [vite] Failed to reload /src/components/auth/AuthScreen.jsx. This could be due to syntax errors or importing non-existent modules. (see errors above) @ http://localhost:5173/@vite/client:881
[  179996ms] [ERROR] Failed to load resource: the server responded with a status of 404 (Not Found) @ http://localhost:5173/src/index.css?t=1771494601253:0
[  179996ms] [ERROR] [vite] Failed to reload /src/index.css. This could be due to syntax errors or importing non-existent modules. (see errors above) @ http://localhost:5173/@vite/client:881
[  179999ms] [ERROR] Failed to load resource: the server responded with a status of 404 (Not Found) @ http://localhost:5173/src/components/header/TabBar.jsx?t=1771494601256:0
[  179999ms] [ERROR] [vite] Failed to reload /src/components/header/TabBar.jsx. This could be due to syntax errors or importing non-existent modules. (see errors above) @ http://localhost:5173/@vite/client:881
[  179999ms] [ERROR] Failed to load resource: the server responded with a status of 404 (Not Found) @ http://localhost:5173/src/index.css?t=1771494601256:0
[  179999ms] [ERROR] [vite] Failed to reload /src/index.css. This could be due to syntax errors or importing non-existent modules. (see errors above) @ http://localhost:5173/@vite/client:881
[  180001ms] [ERROR] Failed to load resource: the server responded with a status of 404 (Not Found) @ http://localhost:5173/src/components/header/TripHeader.jsx?t=1771494601258:0
[  180001ms] [ERROR] [vite] Failed to reload /src/components/header/TripHeader.jsx. This could be due to syntax errors or importing non-existent modules. (see errors above) @ http://localhost:5173/@vite/client:881
[  180001ms] [ERROR] Failed to load resource: the server responded with a status of 404 (Not Found) @ http://localhost:5173/src/index.css?t=1771494601258:0
[  180001ms] [ERROR] [vite] Failed to reload /src/index.css. This could be due to syntax errors or importing non-existent modules. (see errors above) @ http://localhost:5173/@vite/client:881
[  180001ms] [ERROR] [vite] Failed to reload /src/index.css. This could be due to syntax errors or importing non-existent modules. (see errors above) @ http://localhost:5173/@vite/client:881
[  180002ms] [ERROR] Failed to load resource: the server responded with a status of 404 (Not Found) @ http://localhost:5173/src/components/modal/NewTripModal.jsx?t=1771494601258:0
[  180002ms] [ERROR] [vite] Failed to reload /src/components/modal/NewTripModal.jsx. This could be due to syntax errors or importing non-existent modules. (see errors above) @ http://localhost:5173/@vite/client:881
[  180002ms] [ERROR] [vite] Failed to reload /src/index.css. This could be due to syntax errors or importing non-existent modules. (see errors above) @ http://localhost:5173/@vite/client:881
[  180003ms] [ERROR] Failed to load resource: the server responded with a status of 404 (Not Found) @ http://localhost:5173/src/components/shared/AIAssistant.jsx?t=1771494601258:0
[  180003ms] [ERROR] [vite] Failed to reload /src/components/shared/AIAssistant.jsx. This could be due to syntax errors or importing non-existent modules. (see errors above) @ http://localhost:5173/@vite/client:881
[  180004ms] [ERROR] Failed to load resource: the server responded with a status of 404 (Not Found) @ http://localhost:5173/src/components/shared/Card.jsx?t=1771494601259:0
[  180004ms] [ERROR] [vite] Failed to reload /src/components/shared/Card.jsx. This could be due to syntax errors or importing non-existent modules. (see errors above) @ http://localhost:5173/@vite/client:881
[  180005ms] [ERROR] Failed to load resource: the server responded with a status of 404 (Not Found) @ http://localhost:5173/src/index.css?t=1771494601259:0
[  180005ms] [ERROR] [vite] Failed to reload /src/index.css. This could be due to syntax errors or importing non-existent modules. (see errors above) @ http://localhost:5173/@vite/client:881
[  180107ms] [ERROR] Failed to load resource: net::ERR_CONNECTION_RESET @ http://localhost:5173/@vite/client:0
[  180107ms] [ERROR] Failed to load resource: net::ERR_CONNECTION_RESET @ http://localhost:5173/@react-refresh:0
[  180108ms] [ERROR] Failed to load resource: net::ERR_CONNECTION_REFUSED @ http://localhost:5173/assets/index-BQjhd-O_.css:0
[  180108ms] [ERROR] Failed to load resource: net::ERR_CONNECTION_REFUSED @ http://localhost:5173/assets/index-QPuIDZZy.js:0
