[     217ms] ReferenceError: React is not defined
    at App (http://localhost:5173/src/App.jsx:149:5)
    at renderWithHooks (http://localhost:5173/.vite/deps/chunk-V2X5ZORR.js?v=3ecddfd4:11596:26)
    at mountIndeterminateComponent (http://localhost:5173/.vite/deps/chunk-V2X5ZORR.js?v=3ecddfd4:14974:21)
    at beginWork (http://localhost:5173/.vite/deps/chunk-V2X5ZORR.js?v=3ecddfd4:15962:22)
    at HTMLUnknownElement.callCallback2 (http://localhost:5173/.vite/deps/chunk-V2X5ZORR.js?v=3ecddfd4:3680:22)
    at Object.invokeGuardedCallbackDev (http://localhost:5173/.vite/deps/chunk-V2X5ZORR.js?v=3ecddfd4:3705:24)
    at invokeGuardedCallback (http://localhost:5173/.vite/deps/chunk-V2X5ZORR.js?v=3ecddfd4:3739:39)
    at beginWork$1 (http://localhost:5173/.vite/deps/chunk-V2X5ZORR.js?v=3ecddfd4:19818:15)
    at performUnitOfWork (http://localhost:5173/.vite/deps/chunk-V2X5ZORR.js?v=3ecddfd4:19254:20)
    at workLoopSync (http://localhost:5173/.vite/deps/chunk-V2X5ZORR.js?v=3ecddfd4:19190:13)
[     224ms] ReferenceError: React is not defined
    at App (http://localhost:5173/src/App.jsx:149:5)
    at renderWithHooks (http://localhost:5173/.vite/deps/chunk-V2X5ZORR.js?v=3ecddfd4:11596:26)
    at mountIndeterminateComponent (http://localhost:5173/.vite/deps/chunk-V2X5ZORR.js?v=3ecddfd4:14974:21)
    at beginWork (http://localhost:5173/.vite/deps/chunk-V2X5ZORR.js?v=3ecddfd4:15962:22)
    at HTMLUnknownElement.callCallback2 (http://localhost:5173/.vite/deps/chunk-V2X5ZORR.js?v=3ecddfd4:3680:22)
    at Object.invokeGuardedCallbackDev (http://localhost:5173/.vite/deps/chunk-V2X5ZORR.js?v=3ecddfd4:3705:24)
    at invokeGuardedCallback (http://localhost:5173/.vite/deps/chunk-V2X5ZORR.js?v=3ecddfd4:3739:39)
    at beginWork$1 (http://localhost:5173/.vite/deps/chunk-V2X5ZORR.js?v=3ecddfd4:19818:15)
    at performUnitOfWork (http://localhost:5173/.vite/deps/chunk-V2X5ZORR.js?v=3ecddfd4:19254:20)
    at workLoopSync (http://localhost:5173/.vite/deps/chunk-V2X5ZORR.js?v=3ecddfd4:19190:13)
[     220ms] [ERROR] The above error occurred in the <App> component:

    at App (http://localhost:5173/src/App.jsx:147:64)

Consider adding an error boundary to your tree to customize error handling behavior.
Visit https://reactjs.org/link/error-boundaries to learn more about error boundaries. @ http://localhost:5173/.vite/deps/chunk-V2X5ZORR.js?v=3ecddfd4:14079
[     224ms] ReferenceError: React is not defined
    at App (http://localhost:5173/src/App.jsx:149:5)
    at renderWithHooks (http://localhost:5173/.vite/deps/chunk-V2X5ZORR.js?v=3ecddfd4:11596:26)
    at mountIndeterminateComponent (http://localhost:5173/.vite/deps/chunk-V2X5ZORR.js?v=3ecddfd4:14974:21)
    at beginWork (http://localhost:5173/.vite/deps/chunk-V2X5ZORR.js?v=3ecddfd4:15962:22)
    at beginWork$1 (http://localhost:5173/.vite/deps/chunk-V2X5ZORR.js?v=3ecddfd4:19806:22)
    at performUnitOfWork (http://localhost:5173/.vite/deps/chunk-V2X5ZORR.js?v=3ecddfd4:19254:20)
    at workLoopSync (http://localhost:5173/.vite/deps/chunk-V2X5ZORR.js?v=3ecddfd4:19190:13)
    at renderRootSync (http://localhost:5173/.vite/deps/chunk-V2X5ZORR.js?v=3ecddfd4:19169:15)
    at recoverFromConcurrentError (http://localhost:5173/.vite/deps/chunk-V2X5ZORR.js?v=3ecddfd4:18786:28)
    at performConcurrentWorkOnRoot (http://localhost:5173/.vite/deps/chunk-V2X5ZORR.js?v=3ecddfd4:18734:30)
[    9118ms] [ERROR] WebSocket connection to 'ws://localhost:5173/' failed: Error in connection establishment: net::ERR_CONNECTION_REFUSED @ http://localhost:5173/@vite/client:1034
